<?xml version="1.0" encoding="UTF-8"?>
<testsuite xmlns:xsi="http://www.w3.org/2001/XMLSchema-instance" xsi:noNamespaceSchemaLocation="https://maven.apache.org/surefire/maven-surefire-plugin/xsd/surefire-test-report.xsd" name="com.cook.CookApplicationTests" time="1.548" tests="1" errors="0" skipped="0" failures="0">
  <properties>
    <property name="sun.desktop" value="windows"/>
    <property name="awt.toolkit" value="sun.awt.windows.WToolkit"/>
    <property name="file.encoding.pkg" value="sun.io"/>
    <property name="java.specification.version" value="1.8"/>
    <property name="sun.cpu.isalist" value="amd64"/>
    <property name="sun.jnu.encoding" value="GBK"/>
    <property name="java.class.path" value="E:\project\IdeaWeb\cook\target\test-classes;E:\project\IdeaWeb\cook\target\classes;D:\applyJar\repo\org\springframework\boot\spring-boot-starter\2.4.5\spring-boot-starter-2.4.5.jar;D:\applyJar\repo\org\springframework\boot\spring-boot\2.4.5\spring-boot-2.4.5.jar;D:\applyJar\repo\org\springframework\spring-context\5.3.6\spring-context-5.3.6.jar;D:\applyJar\repo\org\springframework\spring-aop\5.3.6\spring-aop-5.3.6.jar;D:\applyJar\repo\org\springframework\spring-beans\5.3.6\spring-beans-5.3.6.jar;D:\applyJar\repo\org\springframework\spring-expression\5.3.6\spring-expression-5.3.6.jar;D:\applyJar\repo\org\springframework\boot\spring-boot-autoconfigure\2.4.5\spring-boot-autoconfigure-2.4.5.jar;D:\applyJar\repo\org\springframework\boot\spring-boot-starter-logging\2.4.5\spring-boot-starter-logging-2.4.5.jar;D:\applyJar\repo\ch\qos\logback\logback-classic\1.2.3\logback-classic-1.2.3.jar;D:\applyJar\repo\ch\qos\logback\logback-core\1.2.3\logback-core-1.2.3.jar;D:\applyJar\repo\org\apache\logging\log4j\log4j-to-slf4j\2.13.3\log4j-to-slf4j-2.13.3.jar;D:\applyJar\repo\org\apache\logging\log4j\log4j-api\2.13.3\log4j-api-2.13.3.jar;D:\applyJar\repo\org\slf4j\jul-to-slf4j\1.7.30\jul-to-slf4j-1.7.30.jar;D:\applyJar\repo\jakarta\annotation\jakarta.annotation-api\1.3.5\jakarta.annotation-api-1.3.5.jar;D:\applyJar\repo\org\springframework\spring-core\5.3.6\spring-core-5.3.6.jar;D:\applyJar\repo\org\springframework\spring-jcl\5.3.6\spring-jcl-5.3.6.jar;D:\applyJar\repo\org\yaml\snakeyaml\1.27\snakeyaml-1.27.jar;D:\applyJar\repo\org\springframework\boot\spring-boot-devtools\2.4.5\spring-boot-devtools-2.4.5.jar;D:\applyJar\repo\org\projectlombok\lombok\1.18.20\lombok-1.18.20.jar;D:\applyJar\repo\org\springframework\boot\spring-boot-starter-test\2.4.5\spring-boot-starter-test-2.4.5.jar;D:\applyJar\repo\org\springframework\boot\spring-boot-test\2.4.5\spring-boot-test-2.4.5.jar;D:\applyJar\repo\org\springframework\boot\spring-boot-test-autoconfigure\2.4.5\spring-boot-test-autoconfigure-2.4.5.jar;D:\applyJar\repo\com\jayway\jsonpath\json-path\2.4.0\json-path-2.4.0.jar;D:\applyJar\repo\net\minidev\json-smart\2.3\json-smart-2.3.jar;D:\applyJar\repo\net\minidev\accessors-smart\1.2\accessors-smart-1.2.jar;D:\applyJar\repo\org\ow2\asm\asm\5.0.4\asm-5.0.4.jar;D:\applyJar\repo\org\slf4j\slf4j-api\1.7.30\slf4j-api-1.7.30.jar;D:\applyJar\repo\jakarta\xml\bind\jakarta.xml.bind-api\2.3.3\jakarta.xml.bind-api-2.3.3.jar;D:\applyJar\repo\jakarta\activation\jakarta.activation-api\1.2.2\jakarta.activation-api-1.2.2.jar;D:\applyJar\repo\org\assertj\assertj-core\3.18.1\assertj-core-3.18.1.jar;D:\applyJar\repo\org\hamcrest\hamcrest\2.2\hamcrest-2.2.jar;D:\applyJar\repo\org\junit\jupiter\junit-jupiter\5.7.1\junit-jupiter-5.7.1.jar;D:\applyJar\repo\org\junit\jupiter\junit-jupiter-api\5.7.1\junit-jupiter-api-5.7.1.jar;D:\applyJar\repo\org\apiguardian\apiguardian-api\1.1.0\apiguardian-api-1.1.0.jar;D:\applyJar\repo\org\opentest4j\opentest4j\1.2.0\opentest4j-1.2.0.jar;D:\applyJar\repo\org\junit\platform\junit-platform-commons\1.7.1\junit-platform-commons-1.7.1.jar;D:\applyJar\repo\org\junit\jupiter\junit-jupiter-params\5.7.1\junit-jupiter-params-5.7.1.jar;D:\applyJar\repo\org\junit\jupiter\junit-jupiter-engine\5.7.1\junit-jupiter-engine-5.7.1.jar;D:\applyJar\repo\org\junit\platform\junit-platform-engine\1.7.1\junit-platform-engine-1.7.1.jar;D:\applyJar\repo\org\mockito\mockito-core\3.6.28\mockito-core-3.6.28.jar;D:\applyJar\repo\net\bytebuddy\byte-buddy\1.10.22\byte-buddy-1.10.22.jar;D:\applyJar\repo\net\bytebuddy\byte-buddy-agent\1.10.22\byte-buddy-agent-1.10.22.jar;D:\applyJar\repo\org\objenesis\objenesis\3.1\objenesis-3.1.jar;D:\applyJar\repo\org\mockito\mockito-junit-jupiter\3.6.28\mockito-junit-jupiter-3.6.28.jar;D:\applyJar\repo\org\skyscreamer\jsonassert\1.5.0\jsonassert-1.5.0.jar;D:\applyJar\repo\com\vaadin\external\google\android-json\0.0.20131108.vaadin1\android-json-0.0.20131108.vaadin1.jar;D:\applyJar\repo\org\springframework\spring-test\5.3.6\spring-test-5.3.6.jar;D:\applyJar\repo\org\xmlunit\xmlunit-core\2.7.0\xmlunit-core-2.7.0.jar;"/>
    <property name="java.vm.vendor" value="Oracle Corporation"/>
    <property name="sun.arch.data.model" value="64"/>
    <property name="user.variant" value=""/>
    <property name="java.vendor.url" value="http://java.oracle.com/"/>
    <property name="user.timezone" value="Asia/Shanghai"/>
    <property name="java.vm.specification.version" value="1.8"/>
    <property name="os.name" value="Windows 10"/>
    <property name="user.country" value="CN"/>
    <property name="sun.java.launcher" value="SUN_STANDARD"/>
    <property name="sun.boot.library.path" value="C:\Program Files\Java\jdk1.8.0_161\jre\bin"/>
    <property name="sun.java.command" value="C:\Users\myg\AppData\Local\Temp\surefire7665547049047504271\surefirebooter5247026950779548991.jar C:\Users\myg\AppData\Local\Temp\surefire7665547049047504271 2021-04-26T20-19-09_675-jvmRun1 surefire7980936865431188845tmp surefire_06911153016232245337tmp"/>
    <property name="surefire.test.class.path" value="E:\project\IdeaWeb\cook\target\test-classes;E:\project\IdeaWeb\cook\target\classes;D:\applyJar\repo\org\springframework\boot\spring-boot-starter\2.4.5\spring-boot-starter-2.4.5.jar;D:\applyJar\repo\org\springframework\boot\spring-boot\2.4.5\spring-boot-2.4.5.jar;D:\applyJar\repo\org\springframework\spring-context\5.3.6\spring-context-5.3.6.jar;D:\applyJar\repo\org\springframework\spring-aop\5.3.6\spring-aop-5.3.6.jar;D:\applyJar\repo\org\springframework\spring-beans\5.3.6\spring-beans-5.3.6.jar;D:\applyJar\repo\org\springframework\spring-expression\5.3.6\spring-expression-5.3.6.jar;D:\applyJar\repo\org\springframework\boot\spring-boot-autoconfigure\2.4.5\spring-boot-autoconfigure-2.4.5.jar;D:\applyJar\repo\org\springframework\boot\spring-boot-starter-logging\2.4.5\spring-boot-starter-logging-2.4.5.jar;D:\applyJar\repo\ch\qos\logback\logback-classic\1.2.3\logback-classic-1.2.3.jar;D:\applyJar\repo\ch\qos\logback\logback-core\1.2.3\logback-core-1.2.3.jar;D:\applyJar\repo\org\apache\logging\log4j\log4j-to-slf4j\2.13.3\log4j-to-slf4j-2.13.3.jar;D:\applyJar\repo\org\apache\logging\log4j\log4j-api\2.13.3\log4j-api-2.13.3.jar;D:\applyJar\repo\org\slf4j\jul-to-slf4j\1.7.30\jul-to-slf4j-1.7.30.jar;D:\applyJar\repo\jakarta\annotation\jakarta.annotation-api\1.3.5\jakarta.annotation-api-1.3.5.jar;D:\applyJar\repo\org\springframework\spring-core\5.3.6\spring-core-5.3.6.jar;D:\applyJar\repo\org\springframework\spring-jcl\5.3.6\spring-jcl-5.3.6.jar;D:\applyJar\repo\org\yaml\snakeyaml\1.27\snakeyaml-1.27.jar;D:\applyJar\repo\org\springframework\boot\spring-boot-devtools\2.4.5\spring-boot-devtools-2.4.5.jar;D:\applyJar\repo\org\projectlombok\lombok\1.18.20\lombok-1.18.20.jar;D:\applyJar\repo\org\springframework\boot\spring-boot-starter-test\2.4.5\spring-boot-starter-test-2.4.5.jar;D:\applyJar\repo\org\springframework\boot\spring-boot-test\2.4.5\spring-boot-test-2.4.5.jar;D:\applyJar\repo\org\springframework\boot\spring-boot-test-autoconfigure\2.4.5\spring-boot-test-autoconfigure-2.4.5.jar;D:\applyJar\repo\com\jayway\jsonpath\json-path\2.4.0\json-path-2.4.0.jar;D:\applyJar\repo\net\minidev\json-smart\2.3\json-smart-2.3.jar;D:\applyJar\repo\net\minidev\accessors-smart\1.2\accessors-smart-1.2.jar;D:\applyJar\repo\org\ow2\asm\asm\5.0.4\asm-5.0.4.jar;D:\applyJar\repo\org\slf4j\slf4j-api\1.7.30\slf4j-api-1.7.30.jar;D:\applyJar\repo\jakarta\xml\bind\jakarta.xml.bind-api\2.3.3\jakarta.xml.bind-api-2.3.3.jar;D:\applyJar\repo\jakarta\activation\jakarta.activation-api\1.2.2\jakarta.activation-api-1.2.2.jar;D:\applyJar\repo\org\assertj\assertj-core\3.18.1\assertj-core-3.18.1.jar;D:\applyJar\repo\org\hamcrest\hamcrest\2.2\hamcrest-2.2.jar;D:\applyJar\repo\org\junit\jupiter\junit-jupiter\5.7.1\junit-jupiter-5.7.1.jar;D:\applyJar\repo\org\junit\jupiter\junit-jupiter-api\5.7.1\junit-jupiter-api-5.7.1.jar;D:\applyJar\repo\org\apiguardian\apiguardian-api\1.1.0\apiguardian-api-1.1.0.jar;D:\applyJar\repo\org\opentest4j\opentest4j\1.2.0\opentest4j-1.2.0.jar;D:\applyJar\repo\org\junit\platform\junit-platform-commons\1.7.1\junit-platform-commons-1.7.1.jar;D:\applyJar\repo\org\junit\jupiter\junit-jupiter-params\5.7.1\junit-jupiter-params-5.7.1.jar;D:\applyJar\repo\org\junit\jupiter\junit-jupiter-engine\5.7.1\junit-jupiter-engine-5.7.1.jar;D:\applyJar\repo\org\junit\platform\junit-platform-engine\1.7.1\junit-platform-engine-1.7.1.jar;D:\applyJar\repo\org\mockito\mockito-core\3.6.28\mockito-core-3.6.28.jar;D:\applyJar\repo\net\bytebuddy\byte-buddy\1.10.22\byte-buddy-1.10.22.jar;D:\applyJar\repo\net\bytebuddy\byte-buddy-agent\1.10.22\byte-buddy-agent-1.10.22.jar;D:\applyJar\repo\org\objenesis\objenesis\3.1\objenesis-3.1.jar;D:\applyJar\repo\org\mockito\mockito-junit-jupiter\3.6.28\mockito-junit-jupiter-3.6.28.jar;D:\applyJar\repo\org\skyscreamer\jsonassert\1.5.0\jsonassert-1.5.0.jar;D:\applyJar\repo\com\vaadin\external\google\android-json\0.0.20131108.vaadin1\android-json-0.0.20131108.vaadin1.jar;D:\applyJar\repo\org\springframework\spring-test\5.3.6\spring-test-5.3.6.jar;D:\applyJar\repo\org\xmlunit\xmlunit-core\2.7.0\xmlunit-core-2.7.0.jar;"/>
    <property name="sun.cpu.endian" value="little"/>
    <property name="user.home" value="C:\Users\myg"/>
    <property name="user.language" value="zh"/>
    <property name="java.specification.vendor" value="Oracle Corporation"/>
    <property name="java.home" value="C:\Program Files\Java\jdk1.8.0_161\jre"/>
    <property name="basedir" value="E:\project\IdeaWeb\cook"/>
    <property name="file.separator" value="\"/>
    <property name="line.separator" value="&#10;"/>
    <property name="java.vm.specification.vendor" value="Oracle Corporation"/>
    <property name="java.specification.name" value="Java Platform API Specification"/>
    <property name="java.awt.graphicsenv" value="sun.awt.Win32GraphicsEnvironment"/>
    <property name="surefire.real.class.path" value="C:\Users\myg\AppData\Local\Temp\surefire7665547049047504271\surefirebooter5247026950779548991.jar"/>
    <property name="sun.boot.class.path" value="C:\Program Files\Java\jdk1.8.0_161\jre\lib\resources.jar;C:\Program Files\Java\jdk1.8.0_161\jre\lib\rt.jar;C:\Program Files\Java\jdk1.8.0_161\jre\lib\sunrsasign.jar;C:\Program Files\Java\jdk1.8.0_161\jre\lib\jsse.jar;C:\Program Files\Java\jdk1.8.0_161\jre\lib\jce.jar;C:\Program Files\Java\jdk1.8.0_161\jre\lib\charsets.jar;C:\Program Files\Java\jdk1.8.0_161\jre\lib\jfr.jar;C:\Program Files\Java\jdk1.8.0_161\jre\classes"/>
    <property name="user.script" value=""/>
    <property name="sun.management.compiler" value="HotSpot 64-Bit Tiered Compilers"/>
    <property name="java.runtime.version" value="1.8.0_161-b12"/>
    <property name="user.name" value="张强强"/>
    <property name="path.separator" value=";"/>
    <property name="os.version" value="10.0"/>
    <property name="java.endorsed.dirs" value="C:\Program Files\Java\jdk1.8.0_161\jre\lib\endorsed"/>
    <property name="java.runtime.name" value="Java(TM) SE Runtime Environment"/>
    <property name="file.encoding" value="GBK"/>
    <property name="java.vm.name" value="Java HotSpot(TM) 64-Bit Server VM"/>
    <property name="localRepository" value="D:\applyJar\repo"/>
    <property name="java.vendor.url.bug" value="http://bugreport.sun.com/bugreport/"/>
    <property name="java.io.tmpdir" value="C:\Users\myg\AppData\Local\Temp\"/>
    <property name="idea.version" value="2021.1"/>
    <property name="java.version" value="1.8.0_161"/>
    <property name="user.dir" value="E:\project\IdeaWeb\cook"/>
    <property name="os.arch" value="amd64"/>
    <property name="java.vm.specification.name" value="Java Virtual Machine Specification"/>
    <property name="java.awt.printerjob" value="sun.awt.windows.WPrinterJob"/>
    <property name="sun.os.patch.level" value=""/>
    <property name="java.library.path" value="C:\Program Files\Java\jdk1.8.0_161\jre\bin;C:\WINDOWS\Sun\Java\bin;C:\WINDOWS\system32;C:\WINDOWS;C:\Program Files\Python38\Scripts\;C:\Program Files\Python38\;C:\Program Files (x86)\Common Files\Oracle\Java\javapath;D:\Program Files (x86)\NetSarang\Xftp 6\;D:\Program Files (x86)\NetSarang\Xshell 6\;C:\ProgramData\Oracle\Java\javapath;D:\app\myg\product\11.2.0\dbhome_1\bin;C:\Program Files (x86)\Intel\iCLS Client\;C:\Program Files\Intel\iCLS Client\;C:\Windows\system32;C:\Windows;C:\Windows\System32\Wbem;C:\Windows\System32\WindowsPowerShell\v1.0\;C:\Program Files\Intel\WiFi\bin\;C:\Program Files\Common Files\Intel\WirelessCommon\;C:\Program Files (x86)\NVIDIA Corporation\PhysX\Common;C:\Program Files (x86)\Intel\Intel(R) Management Engine Components\DAL;C:\Program Files\Intel\Intel(R) Management Engine Components\DAL;C:\Program Files (x86)\Intel\Intel(R) Management Engine Components\IPT;C:\Program Files\Intel\Intel(R) Management Engine Components\IPT;C:\Program Files\Java\jdk1.8.0_161\bin;C:\Program Files\Java\jre1.8.0_261\bin;C:\WINDOWS\system32;C:\WINDOWS;C:\WINDOWS\System32\Wbem;C:\WINDOWS\System32\WindowsPowerShell\v1.0\;D:\soft\apache-maven-3.2.2\bin;D:\xtsf\svn\bin;C:\WINDOWS\System32\OpenSSH\;D:\soft\svn\bin;D:\soft\Git\cmd;D:\soft\gradle-6.0\bin;D:\HashiCorp\Vagrant\bin;D:\soft\node\;C:\Users\myg\AppData\Roaming\npm;D:\porjectToos\mongodb\bin;C:\Users\myg\AppData\Local\Microsoft\WindowsApps;E:\ssh;D:\soft\node\node_global;D:\soft\Microsoft VS Code\bin;C:\Users\myg\AppData\Roaming\npm;;."/>
    <property name="java.vm.info" value="mixed mode"/>
    <property name="java.vendor" value="Oracle Corporation"/>
    <property name="java.vm.version" value="25.161-b12"/>
    <property name="java.ext.dirs" value="C:\Program Files\Java\jdk1.8.0_161\jre\lib\ext;C:\WINDOWS\Sun\Java\lib\ext"/>
    <property name="sun.io.unicode.encoding" value="UnicodeLittle"/>
    <property name="java.class.version" value="52.0"/>
  </properties>
  <testcase name="contextLoads" classname="com.cook.CookApplicationTests" time="0.177"/>
</testsuite>